# JRE version: Java(TM) SE Runtime Environment (17.0.11+7) (build 17.0.11+7-LTS-207)
# Java VM: Java HotSpot(TM) 64-Bit Server VM (17.0.11+7-LTS-207, mixed mode, sharing, tiered, compressed oops, compressed class ptrs, g1 gc, windows-amd64)
GC Precious Log:
 CPUs: 16 total, 16 available
 Memory: 81875M
 Large Page Support: Disabled
 NUMA Support: Disabled
 Compressed Oops: Enabled (Zero based)
 Heap Region Size: 16M
 Heap Min Capacity: 16M
 Heap Initial Capacity: 1280M
 Heap Max Capacity: 20G
 Pre-touch: Disabled
 Parallel Workers: 13
 Concurrent Workers: 3
 Concurrent Refinement Workers: 13
 Periodic GC: Disabled
Heap:
 garbage-first heap   total 163840K, used 78412K [0x0000000300000000, 0x0000000800000000)
  region size 16384K, 6 young (98304K), 1 survivors (16384K)
 Metaspace       used 34246K, committed 34624K, reserved 1114112K
  class space    used 4386K, committed 4544K, reserved 1048576K
GC Heap History (6 events):
Event: 6.520 GC heap before
{Heap before GC invocations=0 (full 0):
 garbage-first heap   total 1310720K, used 65536K [0x0000000300000000, 0x0000000800000000)
  region size 16384K, 4 young (65536K), 0 survivors (0K)
 Metaspace       used 12588K, committed 12864K, reserved 1114112K
  class space    used 1689K, committed 1792K, reserved 1048576K
}
Event: 6.541 GC heap after
{Heap after GC invocations=1 (full 0):
 garbage-first heap   total 1310720K, used 9488K [0x0000000300000000, 0x0000000800000000)
  region size 16384K, 1 young (16384K), 1 survivors (16384K)
 Metaspace       used 12588K, committed 12864K, reserved 1114112K
  class space    used 1689K, committed 1792K, reserved 1048576K
}
Event: 12.794 GC heap before
{Heap before GC invocations=1 (full 0):
 garbage-first heap   total 1310720K, used 58640K [0x0000000300000000, 0x0000000800000000)
  region size 16384K, 4 young (65536K), 1 survivors (16384K)
 Metaspace       used 20788K, committed 20992K, reserved 1114112K
  class space    used 2658K, committed 2752K, reserved 1048576K
}
Event: 12.809 GC heap after
{Heap after GC invocations=2 (full 0):
 garbage-first heap   total 1310720K, used 13021K [0x0000000300000000, 0x0000000800000000)
  region size 16384K, 1 young (16384K), 1 survivors (16384K)
 Metaspace       used 20788K, committed 20992K, reserved 1114112K
  class space    used 2658K, committed 2752K, reserved 1048576K
}
Event: 13.022 GC heap before
{Heap before GC invocations=2 (full 0):
 garbage-first heap   total 1310720K, used 13021K [0x0000000300000000, 0x0000000800000000)
  region size 16384K, 2 young (32768K), 1 survivors (16384K)
 Metaspace       used 21219K, committed 21504K, reserved 1114112K
  class space    used 2725K, committed 2816K, reserved 1048576K
}
Event: 13.030 GC heap after
{Heap after GC invocations=3 (full 0):
 garbage-first heap   total 1310720K, used 12876K [0x0000000300000000, 0x0000000800000000)
  region size 16384K, 1 young (16384K), 1 survivors (16384K)
 Metaspace       used 21219K, committed 21504K, reserved 1114112K
  class space    used 2725K, committed 2816K, reserved 1048576K
}

