# JRE version: OpenJDK Runtime Environment Temurin-21.0.5+11 (21.0.5+11) (build 21.0.5+11-LTS)
# Java VM: OpenJDK 64-Bit Server VM Temurin-21.0.5+11 (21.0.5+11-LTS, mixed mode, emulated-client, sharing, tiered, compressed oops, compressed class ptrs, g1 gc, windows-amd64)
GC Precious Log:
 CardTable entry size: 512
 Card Set container configuration: InlinePtr #cards 5 size 8 Array Of Cards #cards 12 size 40 Howl #buckets 4 coarsen threshold 1843 Howl Bitmap #cards 512 size 80 coarsen threshold 460 Card regions per heap region 1 cards per card region 2048
 CPUs: 16 total, 16 available
 Memory: 81875M
 Large Page Support: Disabled
 NUMA Support: Disabled
 Compressed Oops: Enabled (32-bit)
 Heap Region Size: 1M
 Heap Min Capacity: 8M
 Heap Initial Capacity: 1G
 Heap Max Capacity: 1G
 Pre-touch: Disabled
 Parallel Workers: 13
 Concurrent Workers: 3
 Concurrent Refinement Workers: 13
 Periodic GC: Disabled
Heap:
 garbage-first heap   total 122880K, used 65371K [0x00000000c0000000, 0x0000000100000000)
  region size 1024K, 22 young (22528K), 1 survivors (1024K)
 Metaspace       used 57218K, committed 57984K, reserved 1114112K
  class space    used 7083K, committed 7424K, reserved 1048576K
GC Heap History (20 events):
Event: 1463.787 GC heap after
{Heap after GC invocations=122 (full 90):
 garbage-first heap   total 122880K, used 43308K [0x00000000c0000000, 0x0000000100000000)
  region size 1024K, 0 young (0K), 0 survivors (0K)
 Metaspace       used 57068K, committed 57984K, reserved 1114112K
  class space    used 7051K, committed 7424K, reserved 1048576K
}
Event: 1469.042 GC heap before
{Heap before GC invocations=122 (full 90):
 garbage-first heap   total 122880K, used 44332K [0x00000000c0000000, 0x0000000100000000)
  region size 1024K, 2 young (2048K), 0 survivors (0K)
 Metaspace       used 57113K, committed 57984K, reserved 1114112K
  class space    used 7062K, committed 7424K, reserved 1048576K
}
Event: 1469.046 GC heap after
{Heap after GC invocations=123 (full 90):
 garbage-first heap   total 122880K, used 43744K [0x00000000c0000000, 0x0000000100000000)
  region size 1024K, 1 young (1024K), 1 survivors (1024K)
 Metaspace       used 57113K, committed 57984K, reserved 1114112K
  class space    used 7062K, committed 7424K, reserved 1048576K
}
Event: 1520.791 GC heap before
{Heap before GC invocations=124 (full 90):
 garbage-first heap   total 122880K, used 102112K [0x00000000c0000000, 0x0000000100000000)
  region size 1024K, 60 young (61440K), 1 survivors (1024K)
 Metaspace       used 57181K, committed 57984K, reserved 1114112K
  class space    used 7077K, committed 7424K, reserved 1048576K
}
Event: 1520.801 GC heap after
{Heap after GC invocations=125 (full 90):
 garbage-first heap   total 122880K, used 44683K [0x00000000c0000000, 0x0000000100000000)
  region size 1024K, 2 young (2048K), 2 survivors (2048K)
 Metaspace       used 57181K, committed 57984K, reserved 1114112K
  class space    used 7077K, committed 7424K, reserved 1048576K
}
Event: 1551.748 GC heap before
{Heap before GC invocations=126 (full 90):
 garbage-first heap   total 122880K, used 107147K [0x00000000c0000000, 0x0000000100000000)
  region size 1024K, 64 young (65536K), 2 survivors (2048K)
 Metaspace       used 57236K, committed 58112K, reserved 1114112K
  class space    used 7091K, committed 7488K, reserved 1048576K
}
Event: 1551.761 GC heap after
{Heap after GC invocations=127 (full 90):
 garbage-first heap   total 122880K, used 45087K [0x00000000c0000000, 0x0000000100000000)
  region size 1024K, 2 young (2048K), 2 survivors (2048K)
 Metaspace       used 57236K, committed 58112K, reserved 1114112K
  class space    used 7091K, committed 7488K, reserved 1048576K
}
Event: 1633.290 GC heap before
{Heap before GC invocations=127 (full 90):
 garbage-first heap   total 122880K, used 108575K [0x00000000c0000000, 0x0000000100000000)
  region size 1024K, 65 young (66560K), 2 survivors (2048K)
 Metaspace       used 57306K, committed 58176K, reserved 1114112K
  class space    used 7109K, committed 7488K, reserved 1048576K
}
Event: 1633.294 GC heap after
{Heap after GC invocations=128 (full 90):
 garbage-first heap   total 122880K, used 45919K [0x00000000c0000000, 0x0000000100000000)
  region size 1024K, 3 young (3072K), 3 survivors (3072K)
 Metaspace       used 57306K, committed 58176K, reserved 1114112K
  class space    used 7109K, committed 7488K, reserved 1048576K
}
Event: 1754.012 GC heap before
{Heap before GC invocations=128 (full 90):
 garbage-first heap   total 122880K, used 88927K [0x00000000c0000000, 0x0000000100000000)
  region size 1024K, 47 young (48128K), 3 survivors (3072K)
 Metaspace       used 57318K, committed 58176K, reserved 1114112K
  class space    used 7112K, committed 7488K, reserved 1048576K
}
Event: 1754.078 GC heap after
{Heap after GC invocations=129 (full 91):
 garbage-first heap   total 122880K, used 43861K [0x00000000c0000000, 0x0000000100000000)
  region size 1024K, 0 young (0K), 0 survivors (0K)
 Metaspace       used 57268K, committed 58176K, reserved 1114112K
  class space    used 7099K, committed 7488K, reserved 1048576K
}
Event: 1764.262 GC heap before
{Heap before GC invocations=129 (full 91):
 garbage-first heap   total 122880K, used 43861K [0x00000000c0000000, 0x0000000100000000)
  region size 1024K, 1 young (1024K), 0 survivors (0K)
 Metaspace       used 57268K, committed 58176K, reserved 1114112K
  class space    used 7099K, committed 7488K, reserved 1048576K
}
Event: 1764.325 GC heap after
{Heap after GC invocations=130 (full 92):
 garbage-first heap   total 122880K, used 43312K [0x00000000c0000000, 0x0000000100000000)
  region size 1024K, 0 young (0K), 0 survivors (0K)
 Metaspace       used 57098K, committed 57984K, reserved 1114112K
  class space    used 7056K, committed 7424K, reserved 1048576K
}
Event: 1775.147 GC heap before
{Heap before GC invocations=130 (full 92):
 garbage-first heap   total 122880K, used 43312K [0x00000000c0000000, 0x0000000100000000)
  region size 1024K, 1 young (1024K), 0 survivors (0K)
 Metaspace       used 57098K, committed 57984K, reserved 1114112K
  class space    used 7056K, committed 7424K, reserved 1048576K
}
Event: 1775.216 GC heap after
{Heap after GC invocations=131 (full 93):
 garbage-first heap   total 122880K, used 43312K [0x00000000c0000000, 0x0000000100000000)
  region size 1024K, 0 young (0K), 0 survivors (0K)
 Metaspace       used 57098K, committed 57984K, reserved 1114112K
  class space    used 7056K, committed 7424K, reserved 1048576K
}
Event: 1785.473 GC heap before
{Heap before GC invocations=131 (full 93):
 garbage-first heap   total 122880K, used 43312K [0x00000000c0000000, 0x0000000100000000)
  region size 1024K, 1 young (1024K), 0 survivors (0K)
 Metaspace       used 57098K, committed 57984K, reserved 1114112K
  class space    used 7056K, committed 7424K, reserved 1048576K
}
Event: 1785.583 GC heap after
{Heap after GC invocations=132 (full 94):
 garbage-first heap   total 122880K, used 43309K [0x00000000c0000000, 0x0000000100000000)
  region size 1024K, 0 young (0K), 0 survivors (0K)
 Metaspace       used 57098K, committed 57984K, reserved 1114112K
  class space    used 7056K, committed 7424K, reserved 1048576K
}
Event: 1792.157 GC heap before
{Heap before GC invocations=132 (full 94):
 garbage-first heap   total 122880K, used 44333K [0x00000000c0000000, 0x0000000100000000)
  region size 1024K, 2 young (2048K), 0 survivors (0K)
 Metaspace       used 57143K, committed 57984K, reserved 1114112K
  class space    used 7068K, committed 7424K, reserved 1048576K
}
Event: 1792.179 GC heap after
{Heap after GC invocations=133 (full 94):
 garbage-first heap   total 122880K, used 43867K [0x00000000c0000000, 0x0000000100000000)
  region size 1024K, 1 young (1024K), 1 survivors (1024K)
 Metaspace       used 57143K, committed 57984K, reserved 1114112K
  class space    used 7068K, committed 7424K, reserved 1048576K
}
Event: 1826.081 GC heap before
{Heap before GC invocations=134 (full 94):
 garbage-first heap   total 122880K, used 65371K [0x00000000c0000000, 0x0000000100000000)
  region size 1024K, 22 young (22528K), 1 survivors (1024K)
 Metaspace       used 57218K, committed 57984K, reserved 1114112K
  class space    used 7083K, committed 7424K, reserved 1048576K
}

