# JRE version: OpenJDK Runtime Environment Temurin-21.0.5+11 (21.0.5+11) (build 21.0.5+11-LTS)
# Java VM: OpenJDK 64-Bit Server VM Temurin-21.0.5+11 (21.0.5+11-LTS, mixed mode, emulated-client, sharing, tiered, compressed oops, compressed class ptrs, g1 gc, windows-amd64)
GC Precious Log:
 CardTable entry size: 512
 Card Set container configuration: InlinePtr #cards 5 size 8 Array Of Cards #cards 12 size 40 Howl #buckets 4 coarsen threshold 1843 Howl Bitmap #cards 512 size 80 coarsen threshold 460 Card regions per heap region 1 cards per card region 2048
 CPUs: 16 total, 16 available
 Memory: 81875M
 Large Page Support: Disabled
 NUMA Support: Disabled
 Compressed Oops: Enabled (32-bit)
 Heap Region Size: 1M
 Heap Min Capacity: 8M
 Heap Initial Capacity: 1G
 Heap Max Capacity: 1G
 Pre-touch: Disabled
 Parallel Workers: 13
 Concurrent Workers: 3
 Concurrent Refinement Workers: 13
 Periodic GC: Disabled
Heap:
 garbage-first heap   total 147456K, used 44292K [0x00000000c0000000, 0x0000000100000000)
  region size 1024K, 1 young (1024K), 0 survivors (0K)
 Metaspace       used 56685K, committed 57472K, reserved 1114112K
  class space    used 7011K, committed 7360K, reserved 1048576K
GC Heap History (20 events):
Event: 990.816 GC heap after
{Heap after GC invocations=78 (full 56):
 garbage-first heap   total 147456K, used 44292K [0x00000000c0000000, 0x0000000100000000)
  region size 1024K, 0 young (0K), 0 survivors (0K)
 Metaspace       used 56685K, committed 57472K, reserved 1114112K
  class space    used 7011K, committed 7360K, reserved 1048576K
}
Event: 1000.975 GC heap before
{Heap before GC invocations=78 (full 56):
 garbage-first heap   total 147456K, used 44292K [0x00000000c0000000, 0x0000000100000000)
  region size 1024K, 1 young (1024K), 0 survivors (0K)
 Metaspace       used 56685K, committed 57472K, reserved 1114112K
  class space    used 7011K, committed 7360K, reserved 1048576K
}
Event: 1001.031 GC heap after
{Heap after GC invocations=79 (full 57):
 garbage-first heap   total 147456K, used 44292K [0x00000000c0000000, 0x0000000100000000)
  region size 1024K, 0 young (0K), 0 survivors (0K)
 Metaspace       used 56685K, committed 57472K, reserved 1114112K
  class space    used 7011K, committed 7360K, reserved 1048576K
}
Event: 1011.159 GC heap before
{Heap before GC invocations=79 (full 57):
 garbage-first heap   total 147456K, used 44292K [0x00000000c0000000, 0x0000000100000000)
  region size 1024K, 1 young (1024K), 0 survivors (0K)
 Metaspace       used 56685K, committed 57472K, reserved 1114112K
  class space    used 7011K, committed 7360K, reserved 1048576K
}
Event: 1011.218 GC heap after
{Heap after GC invocations=80 (full 58):
 garbage-first heap   total 147456K, used 44292K [0x00000000c0000000, 0x0000000100000000)
  region size 1024K, 0 young (0K), 0 survivors (0K)
 Metaspace       used 56685K, committed 57472K, reserved 1114112K
  class space    used 7011K, committed 7360K, reserved 1048576K
}
Event: 1021.364 GC heap before
{Heap before GC invocations=80 (full 58):
 garbage-first heap   total 147456K, used 44292K [0x00000000c0000000, 0x0000000100000000)
  region size 1024K, 1 young (1024K), 0 survivors (0K)
 Metaspace       used 56685K, committed 57472K, reserved 1114112K
  class space    used 7011K, committed 7360K, reserved 1048576K
}
Event: 1021.433 GC heap after
{Heap after GC invocations=81 (full 59):
 garbage-first heap   total 147456K, used 44292K [0x00000000c0000000, 0x0000000100000000)
  region size 1024K, 0 young (0K), 0 survivors (0K)
 Metaspace       used 56685K, committed 57472K, reserved 1114112K
  class space    used 7011K, committed 7360K, reserved 1048576K
}
Event: 1031.601 GC heap before
{Heap before GC invocations=81 (full 59):
 garbage-first heap   total 147456K, used 44292K [0x00000000c0000000, 0x0000000100000000)
  region size 1024K, 1 young (1024K), 0 survivors (0K)
 Metaspace       used 56685K, committed 57472K, reserved 1114112K
  class space    used 7011K, committed 7360K, reserved 1048576K
}
Event: 1031.688 GC heap after
{Heap after GC invocations=82 (full 60):
 garbage-first heap   total 147456K, used 44292K [0x00000000c0000000, 0x0000000100000000)
  region size 1024K, 0 young (0K), 0 survivors (0K)
 Metaspace       used 56685K, committed 57472K, reserved 1114112K
  class space    used 7011K, committed 7360K, reserved 1048576K
}
Event: 1041.899 GC heap before
{Heap before GC invocations=82 (full 60):
 garbage-first heap   total 147456K, used 44292K [0x00000000c0000000, 0x0000000100000000)
  region size 1024K, 1 young (1024K), 0 survivors (0K)
 Metaspace       used 56685K, committed 57472K, reserved 1114112K
  class space    used 7011K, committed 7360K, reserved 1048576K
}
Event: 1041.995 GC heap after
{Heap after GC invocations=83 (full 61):
 garbage-first heap   total 147456K, used 44292K [0x00000000c0000000, 0x0000000100000000)
  region size 1024K, 0 young (0K), 0 survivors (0K)
 Metaspace       used 56685K, committed 57472K, reserved 1114112K
  class space    used 7011K, committed 7360K, reserved 1048576K
}
Event: 1052.280 GC heap before
{Heap before GC invocations=83 (full 61):
 garbage-first heap   total 147456K, used 44292K [0x00000000c0000000, 0x0000000100000000)
  region size 1024K, 1 young (1024K), 0 survivors (0K)
 Metaspace       used 56685K, committed 57472K, reserved 1114112K
  class space    used 7011K, committed 7360K, reserved 1048576K
}
Event: 1052.383 GC heap after
{Heap after GC invocations=84 (full 62):
 garbage-first heap   total 147456K, used 44292K [0x00000000c0000000, 0x0000000100000000)
  region size 1024K, 0 young (0K), 0 survivors (0K)
 Metaspace       used 56685K, committed 57472K, reserved 1114112K
  class space    used 7011K, committed 7360K, reserved 1048576K
}
Event: 1062.561 GC heap before
{Heap before GC invocations=84 (full 62):
 garbage-first heap   total 147456K, used 44292K [0x00000000c0000000, 0x0000000100000000)
  region size 1024K, 1 young (1024K), 0 survivors (0K)
 Metaspace       used 56685K, committed 57472K, reserved 1114112K
  class space    used 7011K, committed 7360K, reserved 1048576K
}
Event: 1062.640 GC heap after
{Heap after GC invocations=85 (full 63):
 garbage-first heap   total 147456K, used 44292K [0x00000000c0000000, 0x0000000100000000)
  region size 1024K, 0 young (0K), 0 survivors (0K)
 Metaspace       used 56685K, committed 57472K, reserved 1114112K
  class space    used 7011K, committed 7360K, reserved 1048576K
}
Event: 1072.837 GC heap before
{Heap before GC invocations=85 (full 63):
 garbage-first heap   total 147456K, used 44292K [0x00000000c0000000, 0x0000000100000000)
  region size 1024K, 1 young (1024K), 0 survivors (0K)
 Metaspace       used 56685K, committed 57472K, reserved 1114112K
  class space    used 7011K, committed 7360K, reserved 1048576K
}
Event: 1072.959 GC heap after
{Heap after GC invocations=86 (full 64):
 garbage-first heap   total 147456K, used 44292K [0x00000000c0000000, 0x0000000100000000)
  region size 1024K, 0 young (0K), 0 survivors (0K)
 Metaspace       used 56685K, committed 57472K, reserved 1114112K
  class space    used 7011K, committed 7360K, reserved 1048576K
}
Event: 1083.307 GC heap before
{Heap before GC invocations=86 (full 64):
 garbage-first heap   total 147456K, used 44292K [0x00000000c0000000, 0x0000000100000000)
  region size 1024K, 1 young (1024K), 0 survivors (0K)
 Metaspace       used 56685K, committed 57472K, reserved 1114112K
  class space    used 7011K, committed 7360K, reserved 1048576K
}
Event: 1083.390 GC heap after
{Heap after GC invocations=87 (full 65):
 garbage-first heap   total 147456K, used 44292K [0x00000000c0000000, 0x0000000100000000)
  region size 1024K, 0 young (0K), 0 survivors (0K)
 Metaspace       used 56685K, committed 57472K, reserved 1114112K
  class space    used 7011K, committed 7360K, reserved 1048576K
}
Event: 1093.655 GC heap before
{Heap before GC invocations=87 (full 65):
 garbage-first heap   total 147456K, used 44292K [0x00000000c0000000, 0x0000000100000000)
  region size 1024K, 1 young (1024K), 0 survivors (0K)
 Metaspace       used 56685K, committed 57472K, reserved 1114112K
  class space    used 7011K, committed 7360K, reserved 1048576K
}

