# JRE version: OpenJDK Runtime Environment Temurin-21.0.5+11 (21.0.5+11) (build 21.0.5+11-LTS)
# Java VM: OpenJDK 64-Bit Server VM Temurin-21.0.5+11 (21.0.5+11-LTS, mixed mode, emulated-client, sharing, tiered, compressed oops, compressed class ptrs, g1 gc, windows-amd64)
GC Precious Log:
 CardTable entry size: 512
 Card Set container configuration: InlinePtr #cards 5 size 8 Array Of Cards #cards 12 size 40 Howl #buckets 4 coarsen threshold 1843 Howl Bitmap #cards 512 size 80 coarsen threshold 460 Card regions per heap region 1 cards per card region 2048
 CPUs: 16 total, 16 available
 Memory: 81875M
 Large Page Support: Disabled
 NUMA Support: Disabled
 Compressed Oops: Enabled (32-bit)
 Heap Region Size: 1M
 Heap Min Capacity: 8M
 Heap Initial Capacity: 1G
 Heap Max Capacity: 1G
 Pre-touch: Disabled
 Parallel Workers: 13
 Concurrent Workers: 3
 Concurrent Refinement Workers: 13
 Periodic GC: Disabled
Heap:
 garbage-first heap   total 122880K, used 38691K [0x00000000c0000000, 0x0000000100000000)
  region size 1024K, 1 young (1024K), 0 survivors (0K)
 Metaspace       used 47839K, committed 48704K, reserved 1114112K
  class space    used 5886K, committed 6272K, reserved 1048576K
GC Heap History (20 events):
Event: 526318.576 GC heap after
{Heap after GC invocations=48789 (full 48516):
 garbage-first heap   total 122880K, used 38691K [0x00000000c0000000, 0x0000000100000000)
  region size 1024K, 0 young (0K), 0 survivors (0K)
 Metaspace       used 47839K, committed 48704K, reserved 1114112K
  class space    used 5886K, committed 6272K, reserved 1048576K
}
Event: 526328.705 GC heap before
{Heap before GC invocations=48789 (full 48516):
 garbage-first heap   total 122880K, used 38691K [0x00000000c0000000, 0x0000000100000000)
  region size 1024K, 1 young (1024K), 0 survivors (0K)
 Metaspace       used 47839K, committed 48704K, reserved 1114112K
  class space    used 5886K, committed 6272K, reserved 1048576K
}
Event: 526328.787 GC heap after
{Heap after GC invocations=48790 (full 48517):
 garbage-first heap   total 122880K, used 38691K [0x00000000c0000000, 0x0000000100000000)
  region size 1024K, 0 young (0K), 0 survivors (0K)
 Metaspace       used 47839K, committed 48704K, reserved 1114112K
  class space    used 5886K, committed 6272K, reserved 1048576K
}
Event: 526339.053 GC heap before
{Heap before GC invocations=48790 (full 48517):
 garbage-first heap   total 122880K, used 38691K [0x00000000c0000000, 0x0000000100000000)
  region size 1024K, 1 young (1024K), 0 survivors (0K)
 Metaspace       used 47839K, committed 48704K, reserved 1114112K
  class space    used 5886K, committed 6272K, reserved 1048576K
}
Event: 526339.126 GC heap after
{Heap after GC invocations=48791 (full 48518):
 garbage-first heap   total 122880K, used 38691K [0x00000000c0000000, 0x0000000100000000)
  region size 1024K, 0 young (0K), 0 survivors (0K)
 Metaspace       used 47839K, committed 48704K, reserved 1114112K
  class space    used 5886K, committed 6272K, reserved 1048576K
}
Event: 526349.249 GC heap before
{Heap before GC invocations=48791 (full 48518):
 garbage-first heap   total 122880K, used 38691K [0x00000000c0000000, 0x0000000100000000)
  region size 1024K, 1 young (1024K), 0 survivors (0K)
 Metaspace       used 47839K, committed 48704K, reserved 1114112K
  class space    used 5886K, committed 6272K, reserved 1048576K
}
Event: 526349.319 GC heap after
{Heap after GC invocations=48792 (full 48519):
 garbage-first heap   total 122880K, used 38691K [0x00000000c0000000, 0x0000000100000000)
  region size 1024K, 0 young (0K), 0 survivors (0K)
 Metaspace       used 47839K, committed 48704K, reserved 1114112K
  class space    used 5886K, committed 6272K, reserved 1048576K
}
Event: 526359.508 GC heap before
{Heap before GC invocations=48792 (full 48519):
 garbage-first heap   total 122880K, used 38691K [0x00000000c0000000, 0x0000000100000000)
  region size 1024K, 1 young (1024K), 0 survivors (0K)
 Metaspace       used 47839K, committed 48704K, reserved 1114112K
  class space    used 5886K, committed 6272K, reserved 1048576K
}
Event: 526359.575 GC heap after
{Heap after GC invocations=48793 (full 48520):
 garbage-first heap   total 122880K, used 38691K [0x00000000c0000000, 0x0000000100000000)
  region size 1024K, 0 young (0K), 0 survivors (0K)
 Metaspace       used 47839K, committed 48704K, reserved 1114112K
  class space    used 5886K, committed 6272K, reserved 1048576K
}
Event: 526369.753 GC heap before
{Heap before GC invocations=48793 (full 48520):
 garbage-first heap   total 122880K, used 38691K [0x00000000c0000000, 0x0000000100000000)
  region size 1024K, 1 young (1024K), 0 survivors (0K)
 Metaspace       used 47839K, committed 48704K, reserved 1114112K
  class space    used 5886K, committed 6272K, reserved 1048576K
}
Event: 526369.821 GC heap after
{Heap after GC invocations=48794 (full 48521):
 garbage-first heap   total 122880K, used 38691K [0x00000000c0000000, 0x0000000100000000)
  region size 1024K, 0 young (0K), 0 survivors (0K)
 Metaspace       used 47839K, committed 48704K, reserved 1114112K
  class space    used 5886K, committed 6272K, reserved 1048576K
}
Event: 526380.090 GC heap before
{Heap before GC invocations=48794 (full 48521):
 garbage-first heap   total 122880K, used 38691K [0x00000000c0000000, 0x0000000100000000)
  region size 1024K, 1 young (1024K), 0 survivors (0K)
 Metaspace       used 47839K, committed 48704K, reserved 1114112K
  class space    used 5886K, committed 6272K, reserved 1048576K
}
Event: 526380.173 GC heap after
{Heap after GC invocations=48795 (full 48522):
 garbage-first heap   total 122880K, used 38691K [0x00000000c0000000, 0x0000000100000000)
  region size 1024K, 0 young (0K), 0 survivors (0K)
 Metaspace       used 47839K, committed 48704K, reserved 1114112K
  class space    used 5886K, committed 6272K, reserved 1048576K
}
Event: 526390.405 GC heap before
{Heap before GC invocations=48795 (full 48522):
 garbage-first heap   total 122880K, used 38691K [0x00000000c0000000, 0x0000000100000000)
  region size 1024K, 1 young (1024K), 0 survivors (0K)
 Metaspace       used 47839K, committed 48704K, reserved 1114112K
  class space    used 5886K, committed 6272K, reserved 1048576K
}
Event: 526390.483 GC heap after
{Heap after GC invocations=48796 (full 48523):
 garbage-first heap   total 122880K, used 38691K [0x00000000c0000000, 0x0000000100000000)
  region size 1024K, 0 young (0K), 0 survivors (0K)
 Metaspace       used 47839K, committed 48704K, reserved 1114112K
  class space    used 5886K, committed 6272K, reserved 1048576K
}
Event: 526400.636 GC heap before
{Heap before GC invocations=48796 (full 48523):
 garbage-first heap   total 122880K, used 38691K [0x00000000c0000000, 0x0000000100000000)
  region size 1024K, 1 young (1024K), 0 survivors (0K)
 Metaspace       used 47839K, committed 48704K, reserved 1114112K
  class space    used 5886K, committed 6272K, reserved 1048576K
}
Event: 526400.705 GC heap after
{Heap after GC invocations=48797 (full 48524):
 garbage-first heap   total 122880K, used 38691K [0x00000000c0000000, 0x0000000100000000)
  region size 1024K, 0 young (0K), 0 survivors (0K)
 Metaspace       used 47839K, committed 48704K, reserved 1114112K
  class space    used 5886K, committed 6272K, reserved 1048576K
}
Event: 526410.885 GC heap before
{Heap before GC invocations=48797 (full 48524):
 garbage-first heap   total 122880K, used 38691K [0x00000000c0000000, 0x0000000100000000)
  region size 1024K, 1 young (1024K), 0 survivors (0K)
 Metaspace       used 47839K, committed 48704K, reserved 1114112K
  class space    used 5886K, committed 6272K, reserved 1048576K
}
Event: 526410.963 GC heap after
{Heap after GC invocations=48798 (full 48525):
 garbage-first heap   total 122880K, used 38691K [0x00000000c0000000, 0x0000000100000000)
  region size 1024K, 0 young (0K), 0 survivors (0K)
 Metaspace       used 47839K, committed 48704K, reserved 1114112K
  class space    used 5886K, committed 6272K, reserved 1048576K
}
Event: 526421.305 GC heap before
{Heap before GC invocations=48798 (full 48525):
 garbage-first heap   total 122880K, used 38691K [0x00000000c0000000, 0x0000000100000000)
  region size 1024K, 1 young (1024K), 0 survivors (0K)
 Metaspace       used 47839K, committed 48704K, reserved 1114112K
  class space    used 5886K, committed 6272K, reserved 1048576K
}

