# JRE version: OpenJDK Runtime Environment Temurin-21.0.5+11 (21.0.5+11) (build 21.0.5+11-LTS)
# Java VM: OpenJDK 64-Bit Server VM Temurin-21.0.5+11 (21.0.5+11-LTS, mixed mode, emulated-client, sharing, tiered, compressed oops, compressed class ptrs, g1 gc, windows-amd64)
GC Precious Log:
 CardTable entry size: 512
 Card Set container configuration: InlinePtr #cards 5 size 8 Array Of Cards #cards 12 size 40 Howl #buckets 4 coarsen threshold 1843 Howl Bitmap #cards 512 size 80 coarsen threshold 460 Card regions per heap region 1 cards per card region 2048
 CPUs: 16 total, 16 available
 Memory: 81875M
 Large Page Support: Disabled
 NUMA Support: Disabled
 Compressed Oops: Enabled (32-bit)
 Heap Region Size: 1M
 Heap Min Capacity: 8M
 Heap Initial Capacity: 1G
 Heap Max Capacity: 1G
 Pre-touch: Disabled
 Parallel Workers: 13
 Concurrent Workers: 3
 Concurrent Refinement Workers: 13
 Periodic GC: Disabled
Heap:
 garbage-first heap   total 137216K, used 40726K [0x00000000c0000000, 0x0000000100000000)
  region size 1024K, 1 young (1024K), 0 survivors (0K)
 Metaspace       used 56194K, committed 57024K, reserved 1114112K
  class space    used 6951K, committed 7296K, reserved 1048576K
GC Heap History (20 events):
Event: 1097.580 GC heap after
{Heap after GC invocations=74 (full 55):
 garbage-first heap   total 137216K, used 40726K [0x00000000c0000000, 0x0000000100000000)
  region size 1024K, 0 young (0K), 0 survivors (0K)
 Metaspace       used 56194K, committed 57024K, reserved 1114112K
  class space    used 6951K, committed 7296K, reserved 1048576K
}
Event: 1107.716 GC heap before
{Heap before GC invocations=74 (full 55):
 garbage-first heap   total 137216K, used 40726K [0x00000000c0000000, 0x0000000100000000)
  region size 1024K, 1 young (1024K), 0 survivors (0K)
 Metaspace       used 56194K, committed 57024K, reserved 1114112K
  class space    used 6951K, committed 7296K, reserved 1048576K
}
Event: 1107.766 GC heap after
{Heap after GC invocations=75 (full 56):
 garbage-first heap   total 137216K, used 40726K [0x00000000c0000000, 0x0000000100000000)
  region size 1024K, 0 young (0K), 0 survivors (0K)
 Metaspace       used 56194K, committed 57024K, reserved 1114112K
  class space    used 6951K, committed 7296K, reserved 1048576K
}
Event: 1117.940 GC heap before
{Heap before GC invocations=75 (full 56):
 garbage-first heap   total 137216K, used 40726K [0x00000000c0000000, 0x0000000100000000)
  region size 1024K, 1 young (1024K), 0 survivors (0K)
 Metaspace       used 56194K, committed 57024K, reserved 1114112K
  class space    used 6951K, committed 7296K, reserved 1048576K
}
Event: 1117.990 GC heap after
{Heap after GC invocations=76 (full 57):
 garbage-first heap   total 137216K, used 40726K [0x00000000c0000000, 0x0000000100000000)
  region size 1024K, 0 young (0K), 0 survivors (0K)
 Metaspace       used 56194K, committed 57024K, reserved 1114112K
  class space    used 6951K, committed 7296K, reserved 1048576K
}
Event: 1128.111 GC heap before
{Heap before GC invocations=76 (full 57):
 garbage-first heap   total 137216K, used 40726K [0x00000000c0000000, 0x0000000100000000)
  region size 1024K, 1 young (1024K), 0 survivors (0K)
 Metaspace       used 56194K, committed 57024K, reserved 1114112K
  class space    used 6951K, committed 7296K, reserved 1048576K
}
Event: 1128.169 GC heap after
{Heap after GC invocations=77 (full 58):
 garbage-first heap   total 137216K, used 40726K [0x00000000c0000000, 0x0000000100000000)
  region size 1024K, 0 young (0K), 0 survivors (0K)
 Metaspace       used 56194K, committed 57024K, reserved 1114112K
  class space    used 6951K, committed 7296K, reserved 1048576K
}
Event: 1138.337 GC heap before
{Heap before GC invocations=77 (full 58):
 garbage-first heap   total 137216K, used 40726K [0x00000000c0000000, 0x0000000100000000)
  region size 1024K, 1 young (1024K), 0 survivors (0K)
 Metaspace       used 56194K, committed 57024K, reserved 1114112K
  class space    used 6951K, committed 7296K, reserved 1048576K
}
Event: 1138.387 GC heap after
{Heap after GC invocations=78 (full 59):
 garbage-first heap   total 137216K, used 40726K [0x00000000c0000000, 0x0000000100000000)
  region size 1024K, 0 young (0K), 0 survivors (0K)
 Metaspace       used 56194K, committed 57024K, reserved 1114112K
  class space    used 6951K, committed 7296K, reserved 1048576K
}
Event: 1148.583 GC heap before
{Heap before GC invocations=78 (full 59):
 garbage-first heap   total 137216K, used 40726K [0x00000000c0000000, 0x0000000100000000)
  region size 1024K, 1 young (1024K), 0 survivors (0K)
 Metaspace       used 56194K, committed 57024K, reserved 1114112K
  class space    used 6951K, committed 7296K, reserved 1048576K
}
Event: 1148.632 GC heap after
{Heap after GC invocations=79 (full 60):
 garbage-first heap   total 137216K, used 40726K [0x00000000c0000000, 0x0000000100000000)
  region size 1024K, 0 young (0K), 0 survivors (0K)
 Metaspace       used 56194K, committed 57024K, reserved 1114112K
  class space    used 6951K, committed 7296K, reserved 1048576K
}
Event: 1158.753 GC heap before
{Heap before GC invocations=79 (full 60):
 garbage-first heap   total 137216K, used 40726K [0x00000000c0000000, 0x0000000100000000)
  region size 1024K, 1 young (1024K), 0 survivors (0K)
 Metaspace       used 56194K, committed 57024K, reserved 1114112K
  class space    used 6951K, committed 7296K, reserved 1048576K
}
Event: 1158.804 GC heap after
{Heap after GC invocations=80 (full 61):
 garbage-first heap   total 137216K, used 40726K [0x00000000c0000000, 0x0000000100000000)
  region size 1024K, 0 young (0K), 0 survivors (0K)
 Metaspace       used 56194K, committed 57024K, reserved 1114112K
  class space    used 6951K, committed 7296K, reserved 1048576K
}
Event: 1168.934 GC heap before
{Heap before GC invocations=80 (full 61):
 garbage-first heap   total 137216K, used 40726K [0x00000000c0000000, 0x0000000100000000)
  region size 1024K, 1 young (1024K), 0 survivors (0K)
 Metaspace       used 56194K, committed 57024K, reserved 1114112K
  class space    used 6951K, committed 7296K, reserved 1048576K
}
Event: 1168.985 GC heap after
{Heap after GC invocations=81 (full 62):
 garbage-first heap   total 137216K, used 40726K [0x00000000c0000000, 0x0000000100000000)
  region size 1024K, 0 young (0K), 0 survivors (0K)
 Metaspace       used 56194K, committed 57024K, reserved 1114112K
  class space    used 6951K, committed 7296K, reserved 1048576K
}
Event: 1179.110 GC heap before
{Heap before GC invocations=81 (full 62):
 garbage-first heap   total 137216K, used 40726K [0x00000000c0000000, 0x0000000100000000)
  region size 1024K, 1 young (1024K), 0 survivors (0K)
 Metaspace       used 56194K, committed 57024K, reserved 1114112K
  class space    used 6951K, committed 7296K, reserved 1048576K
}
Event: 1179.174 GC heap after
{Heap after GC invocations=82 (full 63):
 garbage-first heap   total 137216K, used 40726K [0x00000000c0000000, 0x0000000100000000)
  region size 1024K, 0 young (0K), 0 survivors (0K)
 Metaspace       used 56194K, committed 57024K, reserved 1114112K
  class space    used 6951K, committed 7296K, reserved 1048576K
}
Event: 1189.362 GC heap before
{Heap before GC invocations=82 (full 63):
 garbage-first heap   total 137216K, used 40726K [0x00000000c0000000, 0x0000000100000000)
  region size 1024K, 1 young (1024K), 0 survivors (0K)
 Metaspace       used 56194K, committed 57024K, reserved 1114112K
  class space    used 6951K, committed 7296K, reserved 1048576K
}
Event: 1189.410 GC heap after
{Heap after GC invocations=83 (full 64):
 garbage-first heap   total 137216K, used 40726K [0x00000000c0000000, 0x0000000100000000)
  region size 1024K, 0 young (0K), 0 survivors (0K)
 Metaspace       used 56194K, committed 57024K, reserved 1114112K
  class space    used 6951K, committed 7296K, reserved 1048576K
}
Event: 1199.516 GC heap before
{Heap before GC invocations=83 (full 64):
 garbage-first heap   total 137216K, used 40726K [0x00000000c0000000, 0x0000000100000000)
  region size 1024K, 1 young (1024K), 0 survivors (0K)
 Metaspace       used 56194K, committed 57024K, reserved 1114112K
  class space    used 6951K, committed 7296K, reserved 1048576K
}

