# JRE version: OpenJDK Runtime Environment Temurin-21.0.5+11 (21.0.5+11) (build 21.0.5+11-LTS)
# Java VM: OpenJDK 64-Bit Server VM Temurin-21.0.5+11 (21.0.5+11-LTS, mixed mode, emulated-client, sharing, tiered, compressed oops, compressed class ptrs, g1 gc, windows-amd64)
GC Precious Log:
 CardTable entry size: 512
 Card Set container configuration: InlinePtr #cards 5 size 8 Array Of Cards #cards 12 size 40 Howl #buckets 4 coarsen threshold 1843 Howl Bitmap #cards 512 size 80 coarsen threshold 460 Card regions per heap region 1 cards per card region 2048
 CPUs: 16 total, 16 available
 Memory: 81875M
 Large Page Support: Disabled
 NUMA Support: Disabled
 Compressed Oops: Enabled (32-bit)
 Heap Region Size: 1M
 Heap Min Capacity: 8M
 Heap Initial Capacity: 1G
 Heap Max Capacity: 1G
 Pre-touch: Disabled
 Parallel Workers: 13
 Concurrent Workers: 3
 Concurrent Refinement Workers: 13
 Periodic GC: Disabled
Heap:
 garbage-first heap   total 78848K, used 37321K [0x00000000c0000000, 0x0000000100000000)
  region size 1024K, 1 young (1024K), 0 survivors (0K)
 Metaspace       used 46917K, committed 48128K, reserved 1114112K
  class space    used 5719K, committed 6144K, reserved 1048576K
GC Heap History (20 events):
Event: 1340.715 GC heap after
{Heap after GC invocations=139 (full 126):
 garbage-first heap   total 78848K, used 37321K [0x00000000c0000000, 0x0000000100000000)
  region size 1024K, 0 young (0K), 0 survivors (0K)
 Metaspace       used 46917K, committed 48128K, reserved 1114112K
  class space    used 5719K, committed 6144K, reserved 1048576K
}
Event: 1350.941 GC heap before
{Heap before GC invocations=139 (full 126):
 garbage-first heap   total 78848K, used 37321K [0x00000000c0000000, 0x0000000100000000)
  region size 1024K, 1 young (1024K), 0 survivors (0K)
 Metaspace       used 46917K, committed 48128K, reserved 1114112K
  class space    used 5719K, committed 6144K, reserved 1048576K
}
Event: 1351.008 GC heap after
{Heap after GC invocations=140 (full 127):
 garbage-first heap   total 78848K, used 37321K [0x00000000c0000000, 0x0000000100000000)
  region size 1024K, 0 young (0K), 0 survivors (0K)
 Metaspace       used 46917K, committed 48128K, reserved 1114112K
  class space    used 5719K, committed 6144K, reserved 1048576K
}
Event: 1361.135 GC heap before
{Heap before GC invocations=140 (full 127):
 garbage-first heap   total 78848K, used 37321K [0x00000000c0000000, 0x0000000100000000)
  region size 1024K, 1 young (1024K), 0 survivors (0K)
 Metaspace       used 46917K, committed 48128K, reserved 1114112K
  class space    used 5719K, committed 6144K, reserved 1048576K
}
Event: 1361.198 GC heap after
{Heap after GC invocations=141 (full 128):
 garbage-first heap   total 78848K, used 37321K [0x00000000c0000000, 0x0000000100000000)
  region size 1024K, 0 young (0K), 0 survivors (0K)
 Metaspace       used 46917K, committed 48128K, reserved 1114112K
  class space    used 5719K, committed 6144K, reserved 1048576K
}
Event: 1371.315 GC heap before
{Heap before GC invocations=141 (full 128):
 garbage-first heap   total 78848K, used 37321K [0x00000000c0000000, 0x0000000100000000)
  region size 1024K, 1 young (1024K), 0 survivors (0K)
 Metaspace       used 46917K, committed 48128K, reserved 1114112K
  class space    used 5719K, committed 6144K, reserved 1048576K
}
Event: 1371.379 GC heap after
{Heap after GC invocations=142 (full 129):
 garbage-first heap   total 78848K, used 37321K [0x00000000c0000000, 0x0000000100000000)
  region size 1024K, 0 young (0K), 0 survivors (0K)
 Metaspace       used 46917K, committed 48128K, reserved 1114112K
  class space    used 5719K, committed 6144K, reserved 1048576K
}
Event: 1381.502 GC heap before
{Heap before GC invocations=142 (full 129):
 garbage-first heap   total 78848K, used 37321K [0x00000000c0000000, 0x0000000100000000)
  region size 1024K, 1 young (1024K), 0 survivors (0K)
 Metaspace       used 46917K, committed 48128K, reserved 1114112K
  class space    used 5719K, committed 6144K, reserved 1048576K
}
Event: 1381.565 GC heap after
{Heap after GC invocations=143 (full 130):
 garbage-first heap   total 78848K, used 37321K [0x00000000c0000000, 0x0000000100000000)
  region size 1024K, 0 young (0K), 0 survivors (0K)
 Metaspace       used 46917K, committed 48128K, reserved 1114112K
  class space    used 5719K, committed 6144K, reserved 1048576K
}
Event: 1391.711 GC heap before
{Heap before GC invocations=143 (full 130):
 garbage-first heap   total 78848K, used 37321K [0x00000000c0000000, 0x0000000100000000)
  region size 1024K, 1 young (1024K), 0 survivors (0K)
 Metaspace       used 46917K, committed 48128K, reserved 1114112K
  class space    used 5719K, committed 6144K, reserved 1048576K
}
Event: 1391.778 GC heap after
{Heap after GC invocations=144 (full 131):
 garbage-first heap   total 78848K, used 37321K [0x00000000c0000000, 0x0000000100000000)
  region size 1024K, 0 young (0K), 0 survivors (0K)
 Metaspace       used 46917K, committed 48128K, reserved 1114112K
  class space    used 5719K, committed 6144K, reserved 1048576K
}
Event: 1402.081 GC heap before
{Heap before GC invocations=144 (full 131):
 garbage-first heap   total 78848K, used 37321K [0x00000000c0000000, 0x0000000100000000)
  region size 1024K, 1 young (1024K), 0 survivors (0K)
 Metaspace       used 46917K, committed 48128K, reserved 1114112K
  class space    used 5719K, committed 6144K, reserved 1048576K
}
Event: 1402.146 GC heap after
{Heap after GC invocations=145 (full 132):
 garbage-first heap   total 78848K, used 37321K [0x00000000c0000000, 0x0000000100000000)
  region size 1024K, 0 young (0K), 0 survivors (0K)
 Metaspace       used 46917K, committed 48128K, reserved 1114112K
  class space    used 5719K, committed 6144K, reserved 1048576K
}
Event: 1412.302 GC heap before
{Heap before GC invocations=145 (full 132):
 garbage-first heap   total 78848K, used 37321K [0x00000000c0000000, 0x0000000100000000)
  region size 1024K, 1 young (1024K), 0 survivors (0K)
 Metaspace       used 46917K, committed 48128K, reserved 1114112K
  class space    used 5719K, committed 6144K, reserved 1048576K
}
Event: 1412.378 GC heap after
{Heap after GC invocations=146 (full 133):
 garbage-first heap   total 78848K, used 37321K [0x00000000c0000000, 0x0000000100000000)
  region size 1024K, 0 young (0K), 0 survivors (0K)
 Metaspace       used 46917K, committed 48128K, reserved 1114112K
  class space    used 5719K, committed 6144K, reserved 1048576K
}
Event: 1422.523 GC heap before
{Heap before GC invocations=146 (full 133):
 garbage-first heap   total 78848K, used 37321K [0x00000000c0000000, 0x0000000100000000)
  region size 1024K, 1 young (1024K), 0 survivors (0K)
 Metaspace       used 46917K, committed 48128K, reserved 1114112K
  class space    used 5719K, committed 6144K, reserved 1048576K
}
Event: 1422.586 GC heap after
{Heap after GC invocations=147 (full 134):
 garbage-first heap   total 78848K, used 37321K [0x00000000c0000000, 0x0000000100000000)
  region size 1024K, 0 young (0K), 0 survivors (0K)
 Metaspace       used 46917K, committed 48128K, reserved 1114112K
  class space    used 5719K, committed 6144K, reserved 1048576K
}
Event: 1432.725 GC heap before
{Heap before GC invocations=147 (full 134):
 garbage-first heap   total 78848K, used 37321K [0x00000000c0000000, 0x0000000100000000)
  region size 1024K, 1 young (1024K), 0 survivors (0K)
 Metaspace       used 46917K, committed 48128K, reserved 1114112K
  class space    used 5719K, committed 6144K, reserved 1048576K
}
Event: 1432.809 GC heap after
{Heap after GC invocations=148 (full 135):
 garbage-first heap   total 78848K, used 37321K [0x00000000c0000000, 0x0000000100000000)
  region size 1024K, 0 young (0K), 0 survivors (0K)
 Metaspace       used 46917K, committed 48128K, reserved 1114112K
  class space    used 5719K, committed 6144K, reserved 1048576K
}
Event: 1442.997 GC heap before
{Heap before GC invocations=148 (full 135):
 garbage-first heap   total 78848K, used 37321K [0x00000000c0000000, 0x0000000100000000)
  region size 1024K, 1 young (1024K), 0 survivors (0K)
 Metaspace       used 46917K, committed 48128K, reserved 1114112K
  class space    used 5719K, committed 6144K, reserved 1048576K
}

